<?xml version="1.0" encoding="UTF-8"?>
<!-- Generated by org.testng.reporters.JUnitXMLReporter -->
<testsuite ignored="0" hostname="W10-VDI-WDW4478" failures="0" tests="3" name="Test" time="50.091" errors="0" timestamp="2022-08-18T11:54:47 IST">
  <testcase classname="com.rb.first.FirstTestClass" name="testFacebook" time="27.214"/>
  <testcase classname="com.rb.first.FirstTestClass" name="testGoogle" time="8.672"/>
  <testcase classname="com.rb.first.SecondTestClass" name="testLogin" time="14.138"/>
</testsuite> <!-- Test -->
