<?xml version="1.0" encoding="UTF-8"?>
<!-- Generated by org.testng.reporters.JUnitXMLReporter -->
<testsuite ignored="0" hostname="W10-VDI-WDW4478" failures="0" tests="3" name="Test" time="59.28" errors="0" timestamp="2022-07-26T15:31:18 IST">
  <testcase classname="com.rb.first.FirstTestClass" name="testFacebook" time="33.891"/>
  <testcase classname="com.rb.first.FirstTestClass" name="testGoogle" time="12.421"/>
  <testcase classname="com.rb.first.SecondTestClass" name="testLogin" time="12.895"/>
</testsuite> <!-- Test -->
