<?xml version="1.0" encoding="UTF-8"?>
<testng-results ignored="0" total="1" passed="1" failed="0" skipped="0">
  <reporter-output>
  </reporter-output>
  <suite started-at="2022-07-27T15:21:59 IST" name="Suite" finished-at="2022-07-27T15:22:11 IST" duration-ms="12100">
    <groups>
    </groups>
    <test started-at="2022-07-27T15:21:59 IST" name="TestName1" finished-at="2022-07-27T15:22:11 IST" duration-ms="12100">
      <class name="com.rb.second.ParamAnotationLoginEx">
        <test-method is-config="true" signature="initializeChrome(java.lang.String)[pri:0, instance:com.rb.second.ParamAnotationLoginEx@383bfa16]" started-at="2022-07-27T15:21:59 IST" name="initializeChrome" finished-at="2022-07-27T15:22:05 IST" duration-ms="6648" status="PASS">
          <params>
            <param index="0">
              <value>
                <![CDATA[https://practicetestautomation.com/practice-test-login/]]>
              </value>
            </param>
          </params>
          <reporter-output>
          </reporter-output>
        </test-method> <!-- initializeChrome -->
        <test-method signature="testLogin(java.lang.String,java.lang.String)[pri:0, instance:com.rb.second.ParamAnotationLoginEx@383bfa16]" started-at="2022-07-27T15:22:05 IST" name="testLogin" finished-at="2022-07-27T15:22:10 IST" duration-ms="4268" status="PASS">
          <params>
            <param index="0">
              <value>
                <![CDATA[student]]>
              </value>
            </param>
            <param index="1">
              <value>
                <![CDATA[Password123]]>
              </value>
            </param>
          </params>
          <reporter-output>
          </reporter-output>
        </test-method> <!-- testLogin -->
        <test-method is-config="true" signature="afterMethod()[pri:0, instance:com.rb.second.ParamAnotationLoginEx@383bfa16]" started-at="2022-07-27T15:22:10 IST" name="afterMethod" finished-at="2022-07-27T15:22:11 IST" duration-ms="1127" status="PASS">
          <reporter-output>
          </reporter-output>
        </test-method> <!-- afterMethod -->
      </class> <!-- com.rb.second.ParamAnotationLoginEx -->
    </test> <!-- TestName1 -->
  </suite> <!-- Suite -->
</testng-results>
