<?xml version="1.0" encoding="UTF-8"?>
<testng-results ignored="0" total="3" passed="3" failed="0" skipped="0">
  <reporter-output>
  </reporter-output>
  <suite started-at="2022-07-26T15:30:18 IST" name="Suite" finished-at="2022-07-26T15:31:18 IST" duration-ms="59280">
    <groups>
    </groups>
    <test started-at="2022-07-26T15:30:18 IST" name="Test" finished-at="2022-07-26T15:31:18 IST" duration-ms="59280">
      <class name="com.rb.first.FirstTestClass">
        <test-method signature="testFacebook()[pri:0, instance:com.rb.first.FirstTestClass@6d4e5011]" started-at="2022-07-26T15:30:18 IST" name="testFacebook" finished-at="2022-07-26T15:30:52 IST" duration-ms="33891" status="PASS">
          <reporter-output>
          </reporter-output>
        </test-method> <!-- testFacebook -->
        <test-method signature="testGoogle()[pri:0, instance:com.rb.first.FirstTestClass@6d4e5011]" started-at="2022-07-26T15:30:52 IST" name="testGoogle" finished-at="2022-07-26T15:31:05 IST" duration-ms="12421" status="PASS">
          <reporter-output>
          </reporter-output>
        </test-method> <!-- testGoogle -->
      </class> <!-- com.rb.first.FirstTestClass -->
      <class name="com.rb.first.SecondTestClass">
        <test-method signature="testLogin()[pri:0, instance:com.rb.first.SecondTestClass@2fb3536e]" started-at="2022-07-26T15:31:05 IST" name="testLogin" finished-at="2022-07-26T15:31:18 IST" duration-ms="12895" status="PASS">
          <reporter-output>
          </reporter-output>
        </test-method> <!-- testLogin -->
      </class> <!-- com.rb.first.SecondTestClass -->
    </test> <!-- Test -->
  </suite> <!-- Suite -->
</testng-results>
